==== Crash ====
time: 2026-01-16 22:59:07
reason: signal 11
stack:
  [0] 00007FF6C552C9D7
  [1] 00007FFA7BF40EF5
  [2] 00007FF6C5572126
  [3] 00007FFA34E4F55D
  [4] 00007FFA7E27296F
  [5] 00007FFA7E222554
  [6] 00007FFA7E27147E
  [7] 00007FF6C552752E
  [8] 00007FF6C5524065
  [9] 00007FF6C552437D
  [10] 00007FF6C5523EB4
  [11] 00007FF6C552105B
  [12] 00007FF6C55710E6
  [13] 00007FF6C55705D4
  [14] 00007FFA7CA77374
  [15] 00007FFA7E21CC91
==============
==== Crash ====
time: 2026-01-16 23:16:39
reason: signal 11
stack:
  [0] 00007FF79D8EC997
  [1] 00007FFA7BF40EF5
  [2] 00007FF79D9320E6
  [3] 00007FFA34E4F55D
  [4] 00007FFA7E27296F
  [5] 00007FFA7E222554
  [6] 00007FFA7E27147E
  [7] 00007FF79D8E7533
  [8] 00007FF79D8E4065
  [9] 00007FF79D8E437D
  [10] 00007FF79D8E3EB4
  [11] 00007FF79D8E105B
  [12] 00007FF79D9310A6
  [13] 00007FF79D930594
  [14] 00007FFA7CA77374
  [15] 00007FFA7E21CC91
==============
==== Crash ====
time: 2026-01-16 23:28:08
reason: unhandled exception
stage: Humans::UpdateDaily loop
note: -
world: 256 x 144
day: 12
population: 75
last human: id=12 pos=(126,71)
pid: 34344 tid: 15136
module: funsim.exe base=00007FF7CDCF0000 size=0x72000
exception_code: 0xc0000005
exception_addr: 00007FF7CDCF763B
access: read at 000001D0D9784A68
rip=00007FF7CDCF763B rsp=00000078E154DF10 rbp=00000078E154E010
rax=000001D0D9784A68 rbx=00000000FF04AF41 rcx=00000078E154E2F8 rdx=00000000176C478A
rsi=0000000000000001 rdi=0000000000000082 r8=0000000004AF4100 r9=00000000FF04AF42
r10=0000000000000008 r11=00007FF7CDD5903C r12=0000000000000100 r13=0000000000000090
r14=000001D010F3E5B8 r15=0000000000000000
stack:
  [0] 00007FF7CDCFCAB2 funsim.exe+0xcab2 (size=0x72000)
  [1] 00007FFA7BA3C507 KERNELBASE.dll+0x12c507 (size=0x2f6000)
  [2] 00007FFA7E2758D8 ntdll.dll+0xa58d8 (size=0x1f8000)
  [3] 00007FFA7E25CE46 ntdll.dll+0x8ce46 (size=0x1f8000)
  [4] 00007FFA7E27296F ntdll.dll+0xa296f (size=0x1f8000)
  [5] 00007FFA7E222554 ntdll.dll+0x52554 (size=0x1f8000)
  [6] 00007FFA7E27147E ntdll.dll+0xa147e (size=0x1f8000)
  [7] 00007FF7CDCF763B funsim.exe+0x763b (size=0x72000)
  [8] 00007FF7CDCF40E6 funsim.exe+0x40e6 (size=0x72000)
  [9] 00007FF7CDCF441D funsim.exe+0x441d (size=0x72000)
  [10] 00007FF7CDCF3F04 funsim.exe+0x3f04 (size=0x72000)
  [11] 00007FF7CDCF105B funsim.exe+0x105b (size=0x72000)
  [12] 00007FF7CDD41866 funsim.exe+0x51866 (size=0x72000)
  [13] 00007FF7CDD40D54 funsim.exe+0x50d54 (size=0x72000)
  [14] 00007FFA7CA77374 KERNEL32.DLL+0x17374 (size=0xc2000)
  [15] 00007FFA7E21CC91 ntdll.dll+0x4cc91 (size=0x1f8000)
==============
